INFO: [VRFC 10-2263] Analyzing Verilog file "C:/Users/training/Week 3/Proiect_D1_CraciunM/Proiect_D5_CraciunM.srcs/sources_1/new/alu.v" into library xil_defaultlib
INFO: [VRFC 10-311] analyzing module ALU
INFO: [VRFC 10-2263] Analyzing Verilog file "C:/Users/training/Week 3/Proiect_D1_CraciunM/Proiect_D5_CraciunM.srcs/sources_1/new/clk_divider.v" into library xil_defaultlib
INFO: [VRFC 10-311] analyzing module clk_divider
INFO: [VRFC 10-2263] Analyzing Verilog file "C:/Users/training/Week 3/Proiect_D1_CraciunM/Proiect_D5_CraciunM.srcs/sources_1/new/display.v" into library xil_defaultlib
INFO: [VRFC 10-311] analyzing module dig_dec
INFO: [VRFC 10-311] analyzing module dec2_4
INFO: [VRFC 10-311] analyzing module dec_debug
INFO: [VRFC 10-311] analyzing module dec_errf
INFO: [VRFC 10-311] analyzing module cnt2
INFO: [VRFC 10-2263] Analyzing Verilog file "C:/Users/training/Week 3/Proiect_D1_CraciunM/Proiect_D5_CraciunM.srcs/sources_1/new/dm.v" into library xil_defaultlib
INFO: [VRFC 10-311] analyzing module dm
INFO: [VRFC 10-2263] Analyzing Verilog file "C:/Users/training/Week 3/Proiect_D1_CraciunM/Proiect_D5_CraciunM.srcs/sources_1/new/im.v" into library xil_defaultlib
INFO: [VRFC 10-311] analyzing module im
INFO: [VRFC 10-2263] Analyzing Verilog file "C:/Users/training/Week 3/Proiect_D1_CraciunM/Proiect_D5_CraciunM.srcs/sources_1/new/one_period.v" into library xil_defaultlib
INFO: [VRFC 10-311] analyzing module one_period
INFO: [VRFC 10-2263] Analyzing Verilog file "C:/Users/training/Week 3/Proiect_D1_CraciunM/Proiect_D5_CraciunM.srcs/sources_1/new/regbank.v" into library xil_defaultlib
INFO: [VRFC 10-311] analyzing module REG_BANK
INFO: [VRFC 10-2263] Analyzing Verilog file "C:/Users/training/Week 3/Proiect_D1_CraciunM/Proiect_D5_CraciunM.srcs/sources_1/new/control.v" into library xil_defaultlib
INFO: [VRFC 10-311] analyzing module control
INFO: [VRFC 10-2263] Analyzing Verilog file "C:/Users/training/Week 3/Proiect_D1_CraciunM/Proiect_D5_CraciunM.srcs/sources_1/new/top.v" into library xil_defaultlib
INFO: [VRFC 10-311] analyzing module top
INFO: [VRFC 10-311] analyzing module tb_top
